#! /c/Source/iverilog-install/bin/vvp
:ivl_version "12.0 (devel)" "(s20150603-1110-g18392a46)";
:ivl_delay_selection "TYPICAL";
:vpi_time_precision + 0;
:vpi_module "d:\iverilog\lib\ivl\system.vpi";
:vpi_module "d:\iverilog\lib\ivl\vhdl_sys.vpi";
:vpi_module "d:\iverilog\lib\ivl\vhdl_textio.vpi";
:vpi_module "d:\iverilog\lib\ivl\v2005_math.vpi";
:vpi_module "d:\iverilog\lib\ivl\va_math.vpi";
S_000002af899634c0 .scope module, "LS161a" "LS161a" 2 1;
 .timescale 0 0;
    .port_info 0 /INPUT 4 "D";
    .port_info 1 /INPUT 1 "CLK";
    .port_info 2 /INPUT 1 "CLR_n";
    .port_info 3 /INPUT 1 "LOAD_n";
    .port_info 4 /INPUT 1 "ENP";
    .port_info 5 /INPUT 1 "ENT";
    .port_info 6 /OUTPUT 4 "Q";
    .port_info 7 /OUTPUT 1 "RCO";
o000002af89996fd8 .functor BUFZ 1, C4<z>; HiZ drive
v000002af89963bd0_0 .net "CLK", 0 0, o000002af89996fd8;  0 drivers
o000002af89997008 .functor BUFZ 1, C4<z>; HiZ drive
v000002af89963650_0 .net "CLR_n", 0 0, o000002af89997008;  0 drivers
o000002af89997038 .functor BUFZ 4, C4<zzzz>; HiZ drive
v000002af899636f0_0 .net "D", 3 0, o000002af89997038;  0 drivers
o000002af89997068 .functor BUFZ 1, C4<z>; HiZ drive
v000002af89963790_0 .net "ENP", 0 0, o000002af89997068;  0 drivers
o000002af89997098 .functor BUFZ 1, C4<z>; HiZ drive
v000002af89992920_0 .net "ENT", 0 0, o000002af89997098;  0 drivers
o000002af899970c8 .functor BUFZ 1, C4<z>; HiZ drive
v000002af899929c0_0 .net "LOAD_n", 0 0, o000002af899970c8;  0 drivers
v000002af89992a60_0 .var "Q", 3 0;
v000002af89992b00_0 .var "RCO", 0 0;
E_000002af89994d50 .event posedge, v000002af89963bd0_0;
    .scope S_000002af899634c0;
T_0 ;
    %wait E_000002af89994d50;
    %load/vec4 v000002af89963bd0_0;
    %cmpi/e 1, 0, 1;
    %jmp/0xz  T_0.0, 4;
    %load/vec4 v000002af89963650_0;
    %nor/r;
    %flag_set/vec4 8;
    %jmp/0xz  T_0.2, 8;
    %pushi/vec4 0, 0, 4;
    %assign/vec4 v000002af89992a60_0, 0;
    %jmp T_0.3;
T_0.2 ;
    %load/vec4 v000002af899929c0_0;
    %nor/r;
    %flag_set/vec4 8;
    %jmp/0xz  T_0.4, 8;
    %load/vec4 v000002af899636f0_0;
    %assign/vec4 v000002af89992a60_0, 0;
    %jmp T_0.5;
T_0.4 ;
    %load/vec4 v000002af89963790_0;
    %pushi/vec4 1, 0, 1;
    %cmp/e;
    %flag_get/vec4 4;
    %load/vec4 v000002af89992920_0;
    %pushi/vec4 1, 0, 1;
    %cmp/e;
    %flag_get/vec4 4;
    %and;
    %flag_set/vec4 8;
    %jmp/0xz  T_0.6, 8;
    %load/vec4 v000002af89992a60_0;
    %addi 1, 0, 4;
    %store/vec4 v000002af89992a60_0, 0, 4;
T_0.6 ;
T_0.5 ;
T_0.3 ;
T_0.0 ;
    %load/vec4 v000002af89992a60_0;
    %pushi/vec4 15, 0, 4;
    %cmp/e;
    %flag_get/vec4 4;
    %load/vec4 v000002af89992920_0;
    %pushi/vec4 1, 0, 1;
    %cmp/e;
    %flag_get/vec4 4;
    %and;
    %flag_set/vec4 8;
    %jmp/0xz  T_0.8, 8;
    %pushi/vec4 1, 0, 1;
    %assign/vec4 v000002af89992b00_0, 0;
    %jmp T_0.9;
T_0.8 ;
    %pushi/vec4 0, 0, 1;
    %assign/vec4 v000002af89992b00_0, 0;
T_0.9 ;
    %jmp T_0;
    .thread T_0;
# The file index is used to find the file name in the following table.
:file_names 3;
    "N/A";
    "<interactive>";
    "AAC2M4P1.v";
