#! /c/Source/iverilog-install/bin/vvp
:ivl_version "12.0 (devel)" "(s20150603-1110-g18392a46)";
:ivl_delay_selection "TYPICAL";
:vpi_time_precision + 0;
:vpi_module "d:\iverilog\lib\ivl\system.vpi";
:vpi_module "d:\iverilog\lib\ivl\vhdl_sys.vpi";
:vpi_module "d:\iverilog\lib\ivl\vhdl_textio.vpi";
:vpi_module "d:\iverilog\lib\ivl\v2005_math.vpi";
:vpi_module "d:\iverilog\lib\ivl\va_math.vpi";
S_000002243ca834c0 .scope module, "RAM128x32" "RAM128x32" 2 1;
 .timescale 0 0;
    .port_info 0 /INPUT 1 "clk";
    .port_info 1 /INPUT 1 "we";
    .port_info 2 /INPUT 7 "address";
    .port_info 3 /INPUT 32 "d";
    .port_info 4 /OUTPUT 32 "q";
P_000002243ca83b40 .param/l "Addr_width" 0 2 4, +C4<00000000000000000000000000000111>;
P_000002243ca83b78 .param/l "Data_width" 0 2 3, +C4<00000000000000000000000000100000>;
L_000002243ca83830 .functor BUFZ 32, L_000002243cab3a70, C4<00000000000000000000000000000000>, C4<00000000000000000000000000000000>, C4<00000000000000000000000000000000>;
v000002243ca839c0 .array "MEMORY", 0 127, 31 0;
v000002243ca83650_0 .net *"_ivl_0", 31 0, L_000002243cab3a70;  1 drivers
v000002243ca836f0_0 .net *"_ivl_2", 8 0, L_000002243cab3b10;  1 drivers
L_000002243caf9f68 .functor BUFT 1, C4<00>, C4<0>, C4<0>, C4<0>;
v000002243ca83790_0 .net *"_ivl_5", 1 0, L_000002243caf9f68;  1 drivers
o000002243cab7068 .functor BUFZ 7, C4<zzzzzzz>; HiZ drive
v000002243caf9c40_0 .net "address", 6 0, o000002243cab7068;  0 drivers
o000002243cab7098 .functor BUFZ 1, C4<z>; HiZ drive
v000002243caf9ce0_0 .net "clk", 0 0, o000002243cab7098;  0 drivers
o000002243cab70c8 .functor BUFZ 32, C4<zzzzzzzzzzzzzzzzzzzzzzzzzzzzzzzz>; HiZ drive
v000002243caf9d80_0 .net "d", 31 0, o000002243cab70c8;  0 drivers
v000002243caf9e20_0 .net "q", 31 0, L_000002243ca83830;  1 drivers
o000002243cab7128 .functor BUFZ 1, C4<z>; HiZ drive
v000002243caf9ec0_0 .net "we", 0 0, o000002243cab7128;  0 drivers
E_000002243cab4dd0 .event posedge, v000002243caf9ce0_0;
L_000002243cab3a70 .array/port v000002243ca839c0, L_000002243cab3b10;
L_000002243cab3b10 .concat [ 7 2 0 0], o000002243cab7068, L_000002243caf9f68;
    .scope S_000002243ca834c0;
T_0 ;
    %wait E_000002243cab4dd0;
    %load/vec4 v000002243caf9ec0_0;
    %flag_set/vec4 8;
    %jmp/0xz  T_0.0, 8;
    %load/vec4 v000002243caf9d80_0;
    %load/vec4 v000002243caf9c40_0;
    %pad/u 9;
    %ix/vec4 3;
    %ix/load 4, 0, 0; Constant delay
    %assign/vec4/a/d v000002243ca839c0, 0, 4;
    %jmp T_0.1;
T_0.0 ;
    %pushi/vec4 4294967295, 4294967295, 32;
    %load/vec4 v000002243caf9c40_0;
    %pad/u 9;
    %ix/vec4 3;
    %ix/load 4, 0, 0; Constant delay
    %assign/vec4/a/d v000002243ca839c0, 0, 4;
T_0.1 ;
    %jmp T_0;
    .thread T_0;
# The file index is used to find the file name in the following table.
:file_names 3;
    "N/A";
    "<interactive>";
    "AAC2M4P2.v";
