#! /c/Source/iverilog-install/bin/vvp
:ivl_version "12.0 (devel)" "(s20150603-1110-g18392a46)";
:ivl_delay_selection "TYPICAL";
:vpi_time_precision + 0;
:vpi_module "d:\iverilog\lib\ivl\system.vpi";
:vpi_module "d:\iverilog\lib\ivl\vhdl_sys.vpi";
:vpi_module "d:\iverilog\lib\ivl\vhdl_textio.vpi";
:vpi_module "d:\iverilog\lib\ivl\v2005_math.vpi";
:vpi_module "d:\iverilog\lib\ivl\va_math.vpi";
S_000001a0c00834c0 .scope module, "FullAdd4" "FullAdd4" 2 39;
 .timescale 0 0;
    .port_info 0 /INPUT 4 "A";
    .port_info 1 /INPUT 4 "B";
    .port_info 2 /INPUT 1 "Cin";
    .port_info 3 /OUTPUT 1 "Cout";
    .port_info 4 /OUTPUT 4 "Sum";
o000001a0c00a48b8 .functor BUFZ 4, C4<zzzz>; HiZ drive
v000001a0c0083bf0_0 .net "A", 3 0, o000001a0c00a48b8;  0 drivers
o000001a0c00a48e8 .functor BUFZ 4, C4<zzzz>; HiZ drive
v000001a0c006ce40_0 .net "B", 3 0, o000001a0c00a48e8;  0 drivers
o000001a0c00a4918 .functor BUFZ 1, C4<z>; HiZ drive
v000001a0c0083650_0 .net "Cin", 0 0, o000001a0c00a4918;  0 drivers
v000001a0c00836f0_0 .var "Cout", 0 0;
v000001a0c0083790_0 .var "Sum", 3 0;
E_000001a0c0069ac0 .event anyedge, v000001a0c0083650_0, v000001a0c006ce40_0, v000001a0c0083bf0_0;
    .scope S_000001a0c00834c0;
T_0 ;
    %wait E_000001a0c0069ac0;
    %load/vec4 v000001a0c0083bf0_0;
    %pad/u 5;
    %load/vec4 v000001a0c006ce40_0;
    %pad/u 5;
    %add;
    %load/vec4 v000001a0c0083650_0;
    %pad/u 5;
    %add;
    %split/vec4 4;
    %store/vec4 v000001a0c0083790_0, 0, 4;
    %store/vec4 v000001a0c00836f0_0, 0, 1;
    %jmp T_0;
    .thread T_0, $push;
# The file index is used to find the file name in the following table.
:file_names 3;
    "N/A";
    "<interactive>";
    "AAC2M3H1.v";
